0 verbose cli C:\Program Files\nodejs\node.exe C:\Users\anike\OneDrive\Desktop\labslotbookingsystem3\labslotbookingsystem\%NPM_HOME%\npm\node_modules\npm\bin\npm-cli.js
1 info using npm@11.5.2
2 info using node@v20.18.0
3 silly config load:file:C:\Users\anike\OneDrive\Desktop\labslotbookingsystem3\labslotbookingsystem\%NPM_HOME%\npm\node_modules\npm\npmrc
4 silly config load:file:C:\Users\anike\OneDrive\Desktop\labslotbookingsystem3\labslotbookingsystem\.npmrc
5 silly config load:file:C:\Users\anike\.npmrc
6 silly config load:file:C:\Users\anike\OneDrive\Desktop\labslotbookingsystem3\labslotbookingsystem\%NPM_HOME%\npm\etc\npmrc
7 verbose title npm start
8 verbose argv "start"
9 verbose logfile logs-max:10 dir:C:\Users\anike\OneDrive\Desktop\labslotbookingsystem3\labslotbookingsystem\%NPM_HOME%\npm-cache\_logs\2025-08-23T19_33_45_382Z-
10 verbose logfile C:\Users\anike\OneDrive\Desktop\labslotbookingsystem3\labslotbookingsystem\%NPM_HOME%\npm-cache\_logs\2025-08-23T19_33_45_382Z-debug-0.log
11 silly logfile start cleaning logs, removing 1 files
12 silly logfile done cleaning log files
13 verbose cwd C:\Users\anike\OneDrive\Desktop\labslotbookingsystem3\labslotbookingsystem
14 verbose os Windows_NT 10.0.26100
15 verbose node v20.18.0
16 verbose npm  v11.5.2
17 verbose exit 1
18 verbose code 1
19 error A complete log of this run can be found in: C:\Users\anike\OneDrive\Desktop\labslotbookingsystem3\labslotbookingsystem\%NPM_HOME%\npm-cache\_logs\2025-08-23T19_33_45_382Z-debug-0.log
